<?xml version="1.0" encoding="UTF-8"?>
<!-- Generated by org.testng.reporters.JUnitXMLReporter -->
<testsuite ignored="0" hostname="DESKTOP-LJON59K" failures="0" tests="3" name="Surefire test" time="3.65" errors="0" timestamp="2025-02-07T10:11:35 MST">
  <testcase classname="com.example.demo1.MainPageTest" name="@BeforeMethod setUp" time="1.843">
    <failure type="org.openqa.selenium.SessionNotCreatedException" message="session not created: This version of ChromeDriver only supports Chrome version 114
Current browser version is 133.0.6943.60 with binary path C:\Program Files\Google\Chrome\Application\chrome.exe
Build info: version: &amp;apos;3.141.59&amp;apos;, revision: &amp;apos;e82be7d358&amp;apos;, time: &amp;apos;2018-11-14T08:17:03&amp;apos;
System info: host: &amp;apos;DESKTOP-LJON59K&amp;apos;, ip: &amp;apos;192.168.0.151&amp;apos;, os.name: &amp;apos;Windows 11&amp;apos;, os.arch: &amp;apos;amd64&amp;apos;, os.version: &amp;apos;10.0&amp;apos;, java.version: &amp;apos;23.0.2&amp;apos;
Driver info: driver.version: ChromeDriver
remote stacktrace: Backtrace:
	GetHandleVerifier [0x00B9A813+48355]
	(No symbol) [0x00B2C4B1]
	(No symbol) [0x00A35358]
	(No symbol) [0x00A561AC]
	(No symbol) [0x00A51EF3]
	(No symbol) [0x00A50579]
	(No symbol) [0x00A80C55]
	(No symbol) [0x00A8093C]
	(No symbol) [0x00A7A536]
	(No symbol) [0x00A582DC]
	(No symbol) [0x00A593DD]
	GetHandleVerifier [0x00DFAABD+2539405]
	GetHandleVerifier [0x00E3A78F+2800735]
	GetHandleVerifier [0x00E3456C+2775612]
	GetHandleVerifier [0x00C251E0+616112]
	(No symbol) [0x00B35F8C]
	(No symbol) [0x00B32328]
	(No symbol) [0x00B3240B]
	(No symbol) [0x00B24FF7]
	BaseThreadInitThunk [0x75FF5D49+25]
	RtlInitializeExceptionChain [0x7780CDEB+107]
	RtlGetAppContainerNamedObjectPath [0x7780CD71+561]
">
      <![CDATA[org.openqa.selenium.SessionNotCreatedException: session not created: This version of ChromeDriver only supports Chrome version 114
Current browser version is 133.0.6943.60 with binary path C:\Program Files\Google\Chrome\Application\chrome.exe
Build info: version: '3.141.59', revision: 'e82be7d358', time: '2018-11-14T08:17:03'
System info: host: 'DESKTOP-LJON59K', ip: '192.168.0.151', os.name: 'Windows 11', os.arch: 'amd64', os.version: '10.0', java.version: '23.0.2'
Driver info: driver.version: ChromeDriver
remote stacktrace: Backtrace:
GetHandleVerifier [0x00B9A813+48355]
(No symbol) [0x00B2C4B1]
(No symbol) [0x00A35358]
(No symbol) [0x00A561AC]
(No symbol) [0x00A51EF3]
(No symbol) [0x00A50579]
(No symbol) [0x00A80C55]
(No symbol) [0x00A8093C]
(No symbol) [0x00A7A536]
(No symbol) [0x00A582DC]
(No symbol) [0x00A593DD]
GetHandleVerifier [0x00DFAABD+2539405]
GetHandleVerifier [0x00E3A78F+2800735]
GetHandleVerifier [0x00E3456C+2775612]
GetHandleVerifier [0x00C251E0+616112]
(No symbol) [0x00B35F8C]
(No symbol) [0x00B32328]
(No symbol) [0x00B3240B]
(No symbol) [0x00B24FF7]
BaseThreadInitThunk [0x75FF5D49+25]
RtlInitializeExceptionChain [0x7780CDEB+107]
RtlGetAppContainerNamedObjectPath [0x7780CD71+561]

at org.openqa.selenium.remote.W3CHandshakeResponse.lambda$errorHandler$0(W3CHandshakeResponse.java:62)
at org.openqa.selenium.remote.HandshakeResponse.lambda$getResponseFunction$0(HandshakeResponse.java:30)
at org.openqa.selenium.remote.ProtocolHandshake.lambda$createSession$0(ProtocolHandshake.java:126)
at java.base/java.util.stream.ReferencePipeline$3$1.accept(ReferencePipeline.java:215)
at java.base/java.util.Spliterators$ArraySpliterator.tryAdvance(Spliterators.java:1034)
at java.base/java.util.stream.ReferencePipeline.forEachWithCancel(ReferencePipeline.java:147)
at java.base/java.util.stream.AbstractPipeline.copyIntoWithCancel(AbstractPipeline.java:588)
at java.base/java.util.stream.AbstractPipeline.copyInto(AbstractPipeline.java:574)
at java.base/java.util.stream.AbstractPipeline.wrapAndCopyInto(AbstractPipeline.java:560)
at java.base/java.util.stream.FindOps$FindOp.evaluateSequential(FindOps.java:150)
at java.base/java.util.stream.AbstractPipeline.evaluate(AbstractPipeline.java:265)
at java.base/java.util.stream.ReferencePipeline.findFirst(ReferencePipeline.java:687)
at org.openqa.selenium.remote.ProtocolHandshake.createSession(ProtocolHandshake.java:128)
at org.openqa.selenium.remote.ProtocolHandshake.createSession(ProtocolHandshake.java:74)
at org.openqa.selenium.remote.HttpCommandExecutor.execute(HttpCommandExecutor.java:136)
at org.openqa.selenium.remote.service.DriverCommandExecutor.execute(DriverCommandExecutor.java:83)
at org.openqa.selenium.remote.RemoteWebDriver.execute(RemoteWebDriver.java:552)
at org.openqa.selenium.remote.RemoteWebDriver.startSession(RemoteWebDriver.java:213)
at org.openqa.selenium.remote.RemoteWebDriver.<init>(RemoteWebDriver.java:131)
at org.openqa.selenium.chrome.ChromeDriver.<init>(ChromeDriver.java:181)
at org.openqa.selenium.chrome.ChromeDriver.<init>(ChromeDriver.java:168)
at org.openqa.selenium.chrome.ChromeDriver.<init>(ChromeDriver.java:123)
at com.example.demo1.MainPageTest.setUp(MainPageTest.java:29)
at java.base/java.util.ArrayList.forEach(ArrayList.java:1597)
... Removed 37 stack frames]]>
    </failure>
  </testcase> <!-- @BeforeMethod setUp -->
  <testcase classname="com.example.demo1.MainPageTest" name="@AfterMethod tearDown" time="-1.738948295072E9">
    <skipped/>
  </testcase> <!-- @AfterMethod tearDown -->
  <testcase classname="com.example.demo1.MainPageTest" name="@BeforeMethod setUp" time="-1.73894829508E9">
    <skipped/>
  </testcase> <!-- @BeforeMethod setUp -->
  <testcase classname="com.example.demo1.MainPageTest" name="@AfterMethod tearDown" time="-1.738948295088E9">
    <skipped/>
  </testcase> <!-- @AfterMethod tearDown -->
  <testcase classname="com.example.demo1.MainPageTest" name="@BeforeMethod setUp" time="-1.738948295104E9">
    <skipped/>
  </testcase> <!-- @BeforeMethod setUp -->
  <testcase classname="com.example.demo1.MainPageTest" name="@AfterMethod tearDown" time="-1.738948295112E9">
    <skipped/>
  </testcase> <!-- @AfterMethod tearDown -->
  <testcase classname="com.example.demo1.MainPageTest" name="navigationToAllTools" time="0.0">
    <skipped/>
  </testcase> <!-- navigationToAllTools -->
  <testcase classname="com.example.demo1.MainPageTest" name="search" time="0.0">
    <skipped/>
  </testcase> <!-- search -->
  <testcase classname="com.example.demo1.MainPageTest" name="toolsMenu" time="0.0">
    <skipped/>
  </testcase> <!-- toolsMenu -->
</testsuite> <!-- Surefire test -->
