<?xml version="1.0" encoding="UTF-8"?>
<testsuite xmlns:xsi="http://www.w3.org/2001/XMLSchema-instance" xsi:noNamespaceSchemaLocation="https://maven.apache.org/surefire/maven-surefire-plugin/xsd/surefire-test-report.xsd" name="com.example.demo1.MainPageTest" time="5.557" tests="9" errors="0" skipped="8" failures="1">
  <properties>
    <property name="java.specification.version" value="23"/>
    <property name="sun.cpu.isalist" value="amd64"/>
    <property name="sun.jnu.encoding" value="Cp1252"/>
    <property name="java.class.path" value="C:\Users\Anitha\IdeaProjects\auto-awesome\target\test-classes;C:\Users\Anitha\IdeaProjects\auto-awesome\target\classes;C:\Users\Anitha\.m2\repository\org\seleniumhq\selenium\selenium-java\3.141.59\selenium-java-3.141.59.jar;C:\Users\Anitha\.m2\repository\org\seleniumhq\selenium\selenium-api\3.141.59\selenium-api-3.141.59.jar;C:\Users\Anitha\.m2\repository\org\seleniumhq\selenium\selenium-chrome-driver\3.141.59\selenium-chrome-driver-3.141.59.jar;C:\Users\Anitha\.m2\repository\org\seleniumhq\selenium\selenium-edge-driver\3.141.59\selenium-edge-driver-3.141.59.jar;C:\Users\Anitha\.m2\repository\org\seleniumhq\selenium\selenium-firefox-driver\3.141.59\selenium-firefox-driver-3.141.59.jar;C:\Users\Anitha\.m2\repository\org\seleniumhq\selenium\selenium-ie-driver\3.141.59\selenium-ie-driver-3.141.59.jar;C:\Users\Anitha\.m2\repository\org\seleniumhq\selenium\selenium-opera-driver\3.141.59\selenium-opera-driver-3.141.59.jar;C:\Users\Anitha\.m2\repository\org\seleniumhq\selenium\selenium-remote-driver\3.141.59\selenium-remote-driver-3.141.59.jar;C:\Users\Anitha\.m2\repository\org\seleniumhq\selenium\selenium-safari-driver\3.141.59\selenium-safari-driver-3.141.59.jar;C:\Users\Anitha\.m2\repository\org\seleniumhq\selenium\selenium-support\3.141.59\selenium-support-3.141.59.jar;C:\Users\Anitha\.m2\repository\net\bytebuddy\byte-buddy\1.8.15\byte-buddy-1.8.15.jar;C:\Users\Anitha\.m2\repository\org\apache\commons\commons-exec\1.3\commons-exec-1.3.jar;C:\Users\Anitha\.m2\repository\com\google\guava\guava\25.0-jre\guava-25.0-jre.jar;C:\Users\Anitha\.m2\repository\com\google\code\findbugs\jsr305\1.3.9\jsr305-1.3.9.jar;C:\Users\Anitha\.m2\repository\org\checkerframework\checker-compat-qual\2.0.0\checker-compat-qual-2.0.0.jar;C:\Users\Anitha\.m2\repository\com\google\errorprone\error_prone_annotations\2.1.3\error_prone_annotations-2.1.3.jar;C:\Users\Anitha\.m2\repository\com\google\j2objc\j2objc-annotations\1.1\j2objc-annotations-1.1.jar;C:\Users\Anitha\.m2\repository\org\codehaus\mojo\animal-sniffer-annotations\1.14\animal-sniffer-annotations-1.14.jar;C:\Users\Anitha\.m2\repository\com\squareup\okhttp3\okhttp\3.11.0\okhttp-3.11.0.jar;C:\Users\Anitha\.m2\repository\com\squareup\okio\okio\1.14.0\okio-1.14.0.jar;C:\Users\Anitha\.m2\repository\io\qameta\allure\allure-testng\2.14.0\allure-testng-2.14.0.jar;C:\Users\Anitha\.m2\repository\io\qameta\allure\allure-java-commons\2.14.0\allure-java-commons-2.14.0.jar;C:\Users\Anitha\.m2\repository\io\qameta\allure\allure-model\2.14.0\allure-model-2.14.0.jar;C:\Users\Anitha\.m2\repository\com\fasterxml\jackson\core\jackson-databind\2.12.3\jackson-databind-2.12.3.jar;C:\Users\Anitha\.m2\repository\com\fasterxml\jackson\core\jackson-annotations\2.12.3\jackson-annotations-2.12.3.jar;C:\Users\Anitha\.m2\repository\com\fasterxml\jackson\core\jackson-core\2.12.3\jackson-core-2.12.3.jar;C:\Users\Anitha\.m2\repository\org\apache\tika\tika-core\1.26\tika-core-1.26.jar;C:\Users\Anitha\.m2\repository\javax\xml\bind\jaxb-api\2.3.1\jaxb-api-2.3.1.jar;C:\Users\Anitha\.m2\repository\javax\activation\javax.activation-api\1.2.0\javax.activation-api-1.2.0.jar;C:\Users\Anitha\.m2\repository\javax\activation\activation\1.1.1\activation-1.1.1.jar;C:\Users\Anitha\.m2\repository\org\jooq\joor-java-8\0.9.14\joor-java-8-0.9.14.jar;C:\Users\Anitha\.m2\repository\io\qameta\allure\allure-test-filter\2.14.0\allure-test-filter-2.14.0.jar;C:\Users\Anitha\.m2\repository\io\github\bonigarcia\webdrivermanager\4.4.3\webdrivermanager-4.4.3.jar;C:\Users\Anitha\.m2\repository\org\slf4j\slf4j-api\1.7.30\slf4j-api-1.7.30.jar;C:\Users\Anitha\.m2\repository\commons-io\commons-io\2.8.0\commons-io-2.8.0.jar;C:\Users\Anitha\.m2\repository\com\google\code\gson\gson\2.8.6\gson-2.8.6.jar;C:\Users\Anitha\.m2\repository\org\apache\commons\commons-lang3\3.12.0\commons-lang3-3.12.0.jar;C:\Users\Anitha\.m2\repository\org\apache\httpcomponents\client5\httpclient5\5.0.3\httpclient5-5.0.3.jar;C:\Users\Anitha\.m2\repository\org\apache\httpcomponents\core5\httpcore5\5.0.2\httpcore5-5.0.2.jar;C:\Users\Anitha\.m2\repository\org\apache\httpcomponents\core5\httpcore5-h2\5.0.2\httpcore5-h2-5.0.2.jar;C:\Users\Anitha\.m2\repository\commons-codec\commons-codec\1.13\commons-codec-1.13.jar;C:\Users\Anitha\.m2\repository\org\rauschig\jarchivelib\1.1.0\jarchivelib-1.1.0.jar;C:\Users\Anitha\.m2\repository\org\apache\commons\commons-compress\1.20\commons-compress-1.20.jar;C:\Users\Anitha\.m2\repository\org\jsoup\jsoup\1.13.1\jsoup-1.13.1.jar;C:\Users\Anitha\.m2\repository\org\testng\testng\7.4.0\testng-7.4.0.jar;C:\Users\Anitha\.m2\repository\com\beust\jcommander\1.78\jcommander-1.78.jar;C:\Users\Anitha\.m2\repository\org\webjars\jquery\3.5.1\jquery-3.5.1.jar;C:\Users\Anitha\.m2\repository\org\slf4j\slf4j-simple\1.7.30\slf4j-simple-1.7.30.jar;C:\Users\Anitha\.m2\repository\org\junit\jupiter\junit-jupiter\5.12.0-RC1\junit-jupiter-5.12.0-RC1.jar;C:\Users\Anitha\.m2\repository\org\junit\jupiter\junit-jupiter-api\5.12.0-RC1\junit-jupiter-api-5.12.0-RC1.jar;C:\Users\Anitha\.m2\repository\org\opentest4j\opentest4j\1.3.0\opentest4j-1.3.0.jar;C:\Users\Anitha\.m2\repository\org\junit\platform\junit-platform-commons\1.12.0-RC1\junit-platform-commons-1.12.0-RC1.jar;C:\Users\Anitha\.m2\repository\org\apiguardian\apiguardian-api\1.1.2\apiguardian-api-1.1.2.jar;C:\Users\Anitha\.m2\repository\org\junit\jupiter\junit-jupiter-params\5.12.0-RC1\junit-jupiter-params-5.12.0-RC1.jar;C:\Users\Anitha\.m2\repository\org\junit\jupiter\junit-jupiter-engine\5.12.0-RC1\junit-jupiter-engine-5.12.0-RC1.jar;C:\Users\Anitha\.m2\repository\org\junit\platform\junit-platform-engine\1.12.0-RC1\junit-platform-engine-1.12.0-RC1.jar;C:\Users\Anitha\.m2\repository\junit\junit\4.12\junit-4.12.jar;C:\Users\Anitha\.m2\repository\org\hamcrest\hamcrest-core\1.3\hamcrest-core-1.3.jar;"/>
    <property name="java.vm.vendor" value="Oracle Corporation"/>
    <property name="sun.arch.data.model" value="64"/>
    <property name="user.variant" value=""/>
    <property name="java.vendor.url" value="https://java.oracle.com/"/>
    <property name="user.timezone" value="America/Phoenix"/>
    <property name="os.name" value="Windows 11"/>
    <property name="java.vm.specification.version" value="23"/>
    <property name="sun.java.launcher" value="SUN_STANDARD"/>
    <property name="user.country" value="US"/>
    <property name="sun.boot.library.path" value="C:\Program Files\Java\jdk-23\bin"/>
    <property name="sun.java.command" value="C:\Users\Anitha\AppData\Local\Temp\surefire14409901848471365916\surefirebooter17651790166454764396.jar C:\Users\Anitha\AppData\Local\Temp\surefire14409901848471365916 2025-02-07T10-11-28_317-jvmRun1 surefire7635540077404122820tmp surefire_04280516968887137672tmp"/>
    <property name="jdk.debug" value="release"/>
    <property name="surefire.test.class.path" value="C:\Users\Anitha\IdeaProjects\auto-awesome\target\test-classes;C:\Users\Anitha\IdeaProjects\auto-awesome\target\classes;C:\Users\Anitha\.m2\repository\org\seleniumhq\selenium\selenium-java\3.141.59\selenium-java-3.141.59.jar;C:\Users\Anitha\.m2\repository\org\seleniumhq\selenium\selenium-api\3.141.59\selenium-api-3.141.59.jar;C:\Users\Anitha\.m2\repository\org\seleniumhq\selenium\selenium-chrome-driver\3.141.59\selenium-chrome-driver-3.141.59.jar;C:\Users\Anitha\.m2\repository\org\seleniumhq\selenium\selenium-edge-driver\3.141.59\selenium-edge-driver-3.141.59.jar;C:\Users\Anitha\.m2\repository\org\seleniumhq\selenium\selenium-firefox-driver\3.141.59\selenium-firefox-driver-3.141.59.jar;C:\Users\Anitha\.m2\repository\org\seleniumhq\selenium\selenium-ie-driver\3.141.59\selenium-ie-driver-3.141.59.jar;C:\Users\Anitha\.m2\repository\org\seleniumhq\selenium\selenium-opera-driver\3.141.59\selenium-opera-driver-3.141.59.jar;C:\Users\Anitha\.m2\repository\org\seleniumhq\selenium\selenium-remote-driver\3.141.59\selenium-remote-driver-3.141.59.jar;C:\Users\Anitha\.m2\repository\org\seleniumhq\selenium\selenium-safari-driver\3.141.59\selenium-safari-driver-3.141.59.jar;C:\Users\Anitha\.m2\repository\org\seleniumhq\selenium\selenium-support\3.141.59\selenium-support-3.141.59.jar;C:\Users\Anitha\.m2\repository\net\bytebuddy\byte-buddy\1.8.15\byte-buddy-1.8.15.jar;C:\Users\Anitha\.m2\repository\org\apache\commons\commons-exec\1.3\commons-exec-1.3.jar;C:\Users\Anitha\.m2\repository\com\google\guava\guava\25.0-jre\guava-25.0-jre.jar;C:\Users\Anitha\.m2\repository\com\google\code\findbugs\jsr305\1.3.9\jsr305-1.3.9.jar;C:\Users\Anitha\.m2\repository\org\checkerframework\checker-compat-qual\2.0.0\checker-compat-qual-2.0.0.jar;C:\Users\Anitha\.m2\repository\com\google\errorprone\error_prone_annotations\2.1.3\error_prone_annotations-2.1.3.jar;C:\Users\Anitha\.m2\repository\com\google\j2objc\j2objc-annotations\1.1\j2objc-annotations-1.1.jar;C:\Users\Anitha\.m2\repository\org\codehaus\mojo\animal-sniffer-annotations\1.14\animal-sniffer-annotations-1.14.jar;C:\Users\Anitha\.m2\repository\com\squareup\okhttp3\okhttp\3.11.0\okhttp-3.11.0.jar;C:\Users\Anitha\.m2\repository\com\squareup\okio\okio\1.14.0\okio-1.14.0.jar;C:\Users\Anitha\.m2\repository\io\qameta\allure\allure-testng\2.14.0\allure-testng-2.14.0.jar;C:\Users\Anitha\.m2\repository\io\qameta\allure\allure-java-commons\2.14.0\allure-java-commons-2.14.0.jar;C:\Users\Anitha\.m2\repository\io\qameta\allure\allure-model\2.14.0\allure-model-2.14.0.jar;C:\Users\Anitha\.m2\repository\com\fasterxml\jackson\core\jackson-databind\2.12.3\jackson-databind-2.12.3.jar;C:\Users\Anitha\.m2\repository\com\fasterxml\jackson\core\jackson-annotations\2.12.3\jackson-annotations-2.12.3.jar;C:\Users\Anitha\.m2\repository\com\fasterxml\jackson\core\jackson-core\2.12.3\jackson-core-2.12.3.jar;C:\Users\Anitha\.m2\repository\org\apache\tika\tika-core\1.26\tika-core-1.26.jar;C:\Users\Anitha\.m2\repository\javax\xml\bind\jaxb-api\2.3.1\jaxb-api-2.3.1.jar;C:\Users\Anitha\.m2\repository\javax\activation\javax.activation-api\1.2.0\javax.activation-api-1.2.0.jar;C:\Users\Anitha\.m2\repository\javax\activation\activation\1.1.1\activation-1.1.1.jar;C:\Users\Anitha\.m2\repository\org\jooq\joor-java-8\0.9.14\joor-java-8-0.9.14.jar;C:\Users\Anitha\.m2\repository\io\qameta\allure\allure-test-filter\2.14.0\allure-test-filter-2.14.0.jar;C:\Users\Anitha\.m2\repository\io\github\bonigarcia\webdrivermanager\4.4.3\webdrivermanager-4.4.3.jar;C:\Users\Anitha\.m2\repository\org\slf4j\slf4j-api\1.7.30\slf4j-api-1.7.30.jar;C:\Users\Anitha\.m2\repository\commons-io\commons-io\2.8.0\commons-io-2.8.0.jar;C:\Users\Anitha\.m2\repository\com\google\code\gson\gson\2.8.6\gson-2.8.6.jar;C:\Users\Anitha\.m2\repository\org\apache\commons\commons-lang3\3.12.0\commons-lang3-3.12.0.jar;C:\Users\Anitha\.m2\repository\org\apache\httpcomponents\client5\httpclient5\5.0.3\httpclient5-5.0.3.jar;C:\Users\Anitha\.m2\repository\org\apache\httpcomponents\core5\httpcore5\5.0.2\httpcore5-5.0.2.jar;C:\Users\Anitha\.m2\repository\org\apache\httpcomponents\core5\httpcore5-h2\5.0.2\httpcore5-h2-5.0.2.jar;C:\Users\Anitha\.m2\repository\commons-codec\commons-codec\1.13\commons-codec-1.13.jar;C:\Users\Anitha\.m2\repository\org\rauschig\jarchivelib\1.1.0\jarchivelib-1.1.0.jar;C:\Users\Anitha\.m2\repository\org\apache\commons\commons-compress\1.20\commons-compress-1.20.jar;C:\Users\Anitha\.m2\repository\org\jsoup\jsoup\1.13.1\jsoup-1.13.1.jar;C:\Users\Anitha\.m2\repository\org\testng\testng\7.4.0\testng-7.4.0.jar;C:\Users\Anitha\.m2\repository\com\beust\jcommander\1.78\jcommander-1.78.jar;C:\Users\Anitha\.m2\repository\org\webjars\jquery\3.5.1\jquery-3.5.1.jar;C:\Users\Anitha\.m2\repository\org\slf4j\slf4j-simple\1.7.30\slf4j-simple-1.7.30.jar;C:\Users\Anitha\.m2\repository\org\junit\jupiter\junit-jupiter\5.12.0-RC1\junit-jupiter-5.12.0-RC1.jar;C:\Users\Anitha\.m2\repository\org\junit\jupiter\junit-jupiter-api\5.12.0-RC1\junit-jupiter-api-5.12.0-RC1.jar;C:\Users\Anitha\.m2\repository\org\opentest4j\opentest4j\1.3.0\opentest4j-1.3.0.jar;C:\Users\Anitha\.m2\repository\org\junit\platform\junit-platform-commons\1.12.0-RC1\junit-platform-commons-1.12.0-RC1.jar;C:\Users\Anitha\.m2\repository\org\apiguardian\apiguardian-api\1.1.2\apiguardian-api-1.1.2.jar;C:\Users\Anitha\.m2\repository\org\junit\jupiter\junit-jupiter-params\5.12.0-RC1\junit-jupiter-params-5.12.0-RC1.jar;C:\Users\Anitha\.m2\repository\org\junit\jupiter\junit-jupiter-engine\5.12.0-RC1\junit-jupiter-engine-5.12.0-RC1.jar;C:\Users\Anitha\.m2\repository\org\junit\platform\junit-platform-engine\1.12.0-RC1\junit-platform-engine-1.12.0-RC1.jar;C:\Users\Anitha\.m2\repository\junit\junit\4.12\junit-4.12.jar;C:\Users\Anitha\.m2\repository\org\hamcrest\hamcrest-core\1.3\hamcrest-core-1.3.jar;"/>
    <property name="allure.results.directory" value="C:\Users\Anitha\IdeaProjects\auto-awesome\target/allure-results"/>
    <property name="sun.cpu.endian" value="little"/>
    <property name="user.home" value="C:\Users\Anitha"/>
    <property name="user.language" value="en"/>
    <property name="java.specification.vendor" value="Oracle Corporation"/>
    <property name="java.version.date" value="2025-01-21"/>
    <property name="java.home" value="C:\Program Files\Java\jdk-23"/>
    <property name="file.separator" value="\"/>
    <property name="basedir" value="C:\Users\Anitha\IdeaProjects\auto-awesome"/>
    <property name="java.vm.compressedOopsMode" value="Zero based"/>
    <property name="line.separator" value="&#10;"/>
    <property name="java.vm.specification.vendor" value="Oracle Corporation"/>
    <property name="java.specification.name" value="Java Platform API Specification"/>
    <property name="surefire.real.class.path" value="C:\Users\Anitha\AppData\Local\Temp\surefire14409901848471365916\surefirebooter17651790166454764396.jar"/>
    <property name="user.script" value=""/>
    <property name="sun.management.compiler" value="HotSpot 64-Bit Tiered Compilers"/>
    <property name="java.runtime.version" value="23.0.2+7-58"/>
    <property name="user.name" value="Anitha"/>
    <property name="stdout.encoding" value="Cp1252"/>
    <property name="path.separator" value=";"/>
    <property name="os.version" value="10.0"/>
    <property name="java.runtime.name" value="Java(TM) SE Runtime Environment"/>
    <property name="file.encoding" value="UTF-8"/>
    <property name="java.vm.name" value="Java HotSpot(TM) 64-Bit Server VM"/>
    <property name="localRepository" value="C:\Users\Anitha\.m2\repository"/>
    <property name="java.vendor.url.bug" value="https://bugreport.java.com/bugreport/"/>
    <property name="java.io.tmpdir" value="C:\Users\Anitha\AppData\Local\Temp\"/>
    <property name="java.version" value="23.0.2"/>
    <property name="user.dir" value="C:\Users\Anitha\IdeaProjects\auto-awesome"/>
    <property name="os.arch" value="amd64"/>
    <property name="java.vm.specification.name" value="Java Virtual Machine Specification"/>
    <property name="sun.os.patch.level" value=""/>
    <property name="native.encoding" value="Cp1252"/>
    <property name="java.library.path" value="C:\Program Files\Java\jdk-23\bin;C:\WINDOWS\Sun\Java\bin;C:\WINDOWS\system32;C:\WINDOWS;C:\Program Files\Common Files\Oracle\Java\javapath;C:\WINDOWS\system32;C:\WINDOWS;C:\WINDOWS\System32\Wbem;C:\WINDOWS\System32\WindowsPowerShell\v1.0\;C:\WINDOWS\System32\OpenSSH\;C:\Program Files\Intel\WiFi\bin\;C:\Program Files\Common Files\Intel\WirelessCommon\;C:\Users\Anitha\AppData\Local\Programs\Python\Python313\Scripts\;C:\Users\Anitha\AppData\Local\Programs\Python\Python313\;C:\Users\Anitha\AppData\Local\Programs\Python\Launcher\;C:\Users\Anitha\AppData\Local\Microsoft\WindowsApps;C:\Program Files\curl\bin;C:\Program Files\Git\cmd;C:\Users\Anitha\Downloads\apache-maven-3.9.9-bin.tar.gz\apache-maven-3.9.9\bin;C:\Users\Anitha\AppData\Local\GitHubDesktop\bin;C:\Program Files\Java\jdk-23\bin;C:\Users\Anitha\Downloads\apache-maven-3.9.9-bin\apache-maven-3.9.9\bin;C:\Users\Anitha\Downloads\chromedriver-win64\chromedriver-win64;C:\Users\Anitha\AppData\Local\Programs\Python\Python313\Scripts\;C:\Users\Anitha\AppData\Local\Programs\Python\Python313\;C:\Users\Anitha\AppData\Local\Programs\Python\Launcher\;C:\Users\Anitha\AppData\Local\Microsoft\WindowsApps;C:\Users\Anitha\AppData\Local\GitHubDesktop\bin;."/>
    <property name="java.vm.info" value="mixed mode, sharing"/>
    <property name="stderr.encoding" value="Cp1252"/>
    <property name="java.vendor" value="Oracle Corporation"/>
    <property name="java.vm.version" value="23.0.2+7-58"/>
    <property name="sun.io.unicode.encoding" value="UnicodeLittle"/>
    <property name="java.class.version" value="67.0"/>
  </properties>
  <testcase name="setUp" classname="com.example.demo1.MainPageTest" time="5.065">
    <failure message="session not created: This version of ChromeDriver only supports Chrome version 114&#10;Current browser version is 133.0.6943.60 with binary path C:\Program Files\Google\Chrome\Application\chrome.exe&#10;Build info: version: &apos;3.141.59&apos;, revision: &apos;e82be7d358&apos;, time: &apos;2018-11-14T08:17:03&apos;&#10;System info: host: &apos;DESKTOP-LJON59K&apos;, ip: &apos;192.168.0.151&apos;, os.name: &apos;Windows 11&apos;, os.arch: &apos;amd64&apos;, os.version: &apos;10.0&apos;, java.version: &apos;23.0.2&apos;&#10;Driver info: driver.version: ChromeDriver&#10;remote stacktrace: Backtrace:&#10;	GetHandleVerifier [0x00B9A813+48355]&#10;	(No symbol) [0x00B2C4B1]&#10;	(No symbol) [0x00A35358]&#10;	(No symbol) [0x00A561AC]&#10;	(No symbol) [0x00A51EF3]&#10;	(No symbol) [0x00A50579]&#10;	(No symbol) [0x00A80C55]&#10;	(No symbol) [0x00A8093C]&#10;	(No symbol) [0x00A7A536]&#10;	(No symbol) [0x00A582DC]&#10;	(No symbol) [0x00A593DD]&#10;	GetHandleVerifier [0x00DFAABD+2539405]&#10;	GetHandleVerifier [0x00E3A78F+2800735]&#10;	GetHandleVerifier [0x00E3456C+2775612]&#10;	GetHandleVerifier [0x00C251E0+616112]&#10;	(No symbol) [0x00B35F8C]&#10;	(No symbol) [0x00B32328]&#10;	(No symbol) [0x00B3240B]&#10;	(No symbol) [0x00B24FF7]&#10;	BaseThreadInitThunk [0x75FF5D49+25]&#10;	RtlInitializeExceptionChain [0x7780CDEB+107]&#10;	RtlGetAppContainerNamedObjectPath [0x7780CD71+561]&#10;" type="org.openqa.selenium.SessionNotCreatedException">org.openqa.selenium.SessionNotCreatedException: 
session not created: This version of ChromeDriver only supports Chrome version 114
Current browser version is 133.0.6943.60 with binary path C:\Program Files\Google\Chrome\Application\chrome.exe
Build info: version: '3.141.59', revision: 'e82be7d358', time: '2018-11-14T08:17:03'
System info: host: 'DESKTOP-LJON59K', ip: '192.168.0.151', os.name: 'Windows 11', os.arch: 'amd64', os.version: '10.0', java.version: '23.0.2'
Driver info: driver.version: ChromeDriver
remote stacktrace: Backtrace:
	GetHandleVerifier [0x00B9A813+48355]
	(No symbol) [0x00B2C4B1]
	(No symbol) [0x00A35358]
	(No symbol) [0x00A561AC]
	(No symbol) [0x00A51EF3]
	(No symbol) [0x00A50579]
	(No symbol) [0x00A80C55]
	(No symbol) [0x00A8093C]
	(No symbol) [0x00A7A536]
	(No symbol) [0x00A582DC]
	(No symbol) [0x00A593DD]
	GetHandleVerifier [0x00DFAABD+2539405]
	GetHandleVerifier [0x00E3A78F+2800735]
	GetHandleVerifier [0x00E3456C+2775612]
	GetHandleVerifier [0x00C251E0+616112]
	(No symbol) [0x00B35F8C]
	(No symbol) [0x00B32328]
	(No symbol) [0x00B3240B]
	(No symbol) [0x00B24FF7]
	BaseThreadInitThunk [0x75FF5D49+25]
	RtlInitializeExceptionChain [0x7780CDEB+107]
	RtlGetAppContainerNamedObjectPath [0x7780CD71+561]

	at com.example.demo1.MainPageTest.setUp(MainPageTest.java:29)
</failure>
    <system-out><![CDATA[[Configuration] [WARN] Detected a static method [com.example.demo1.MainPageTest.setupClass()]. Static configuration methods can cause  unexpected behavior.
]]></system-out>
    <system-err><![CDATA[[main] ERROR io.github.bonigarcia.wdm.online.HttpClient - Error HTTP 404 executing https://chromedriver.storage.googleapis.com/LATEST_RELEASE_133
[main] WARN io.github.bonigarcia.wdm.versions.VersionDetector - Exception reading https://chromedriver.storage.googleapis.com/LATEST_RELEASE_133 to get latest version of chromedriver (Error HTTP 404 executing https://chromedriver.storage.googleapis.com/LATEST_RELEASE_133)
[main] INFO io.github.bonigarcia.wdm.WebDriverManager - Exporting webdriver.chrome.driver as C:\Users\Anitha\.cache\selenium\chromedriver\win32\114.0.5735.90\chromedriver.exe
Starting ChromeDriver 114.0.5735.90 (386bc09e8f4f2e025eddae123f36f6263096ae49-refs/branch-heads/5735@{#1052}) on port 16429
Only local connections are allowed.
Please see https://chromedriver.chromium.org/security-considerations for suggestions on keeping ChromeDriver safe.
ChromeDriver was started successfully.
]]></system-err>
  </testcase>
  <testcase name="setUp" classname="com.example.demo1.MainPageTest" time="0">
    <skipped/>
  </testcase>
  <testcase name="setUp" classname="com.example.demo1.MainPageTest" time="0">
    <skipped/>
  </testcase>
  <testcase name="navigationToAllTools" classname="com.example.demo1.MainPageTest" time="0">
    <skipped message="session not created: This version of ChromeDriver only supports Chrome version 114&#10;Current browser version is 133.0.6943.60 with binary path C:\Program Files\Google\Chrome\Application\chrome.exe&#10;Build info: version: &apos;3.141.59&apos;, revision: &apos;e82be7d358&apos;, time: &apos;2018-11-14T08:17:03&apos;&#10;System info: host: &apos;DESKTOP-LJON59K&apos;, ip: &apos;192.168.0.151&apos;, os.name: &apos;Windows 11&apos;, os.arch: &apos;amd64&apos;, os.version: &apos;10.0&apos;, java.version: &apos;23.0.2&apos;&#10;Driver info: driver.version: ChromeDriver&#10;remote stacktrace: Backtrace:&#10;	GetHandleVerifier [0x00B9A813+48355]&#10;	(No symbol) [0x00B2C4B1]&#10;	(No symbol) [0x00A35358]&#10;	(No symbol) [0x00A561AC]&#10;	(No symbol) [0x00A51EF3]&#10;	(No symbol) [0x00A50579]&#10;	(No symbol) [0x00A80C55]&#10;	(No symbol) [0x00A8093C]&#10;	(No symbol) [0x00A7A536]&#10;	(No symbol) [0x00A582DC]&#10;	(No symbol) [0x00A593DD]&#10;	GetHandleVerifier [0x00DFAABD+2539405]&#10;	GetHandleVerifier [0x00E3A78F+2800735]&#10;	GetHandleVerifier [0x00E3456C+2775612]&#10;	GetHandleVerifier [0x00C251E0+616112]&#10;	(No symbol) [0x00B35F8C]&#10;	(No symbol) [0x00B32328]&#10;	(No symbol) [0x00B3240B]&#10;	(No symbol) [0x00B24FF7]&#10;	BaseThreadInitThunk [0x75FF5D49+25]&#10;	RtlInitializeExceptionChain [0x7780CDEB+107]&#10;	RtlGetAppContainerNamedObjectPath [0x7780CD71+561]&#10;"/>
  </testcase>
  <testcase name="tearDown" classname="com.example.demo1.MainPageTest" time="0">
    <skipped/>
  </testcase>
  <testcase name="tearDown" classname="com.example.demo1.MainPageTest" time="0">
    <skipped/>
  </testcase>
  <testcase name="tearDown" classname="com.example.demo1.MainPageTest" time="0">
    <skipped/>
  </testcase>
  <testcase name="search" classname="com.example.demo1.MainPageTest" time="0">
    <skipped message="session not created: This version of ChromeDriver only supports Chrome version 114&#10;Current browser version is 133.0.6943.60 with binary path C:\Program Files\Google\Chrome\Application\chrome.exe&#10;Build info: version: &apos;3.141.59&apos;, revision: &apos;e82be7d358&apos;, time: &apos;2018-11-14T08:17:03&apos;&#10;System info: host: &apos;DESKTOP-LJON59K&apos;, ip: &apos;192.168.0.151&apos;, os.name: &apos;Windows 11&apos;, os.arch: &apos;amd64&apos;, os.version: &apos;10.0&apos;, java.version: &apos;23.0.2&apos;&#10;Driver info: driver.version: ChromeDriver&#10;remote stacktrace: Backtrace:&#10;	GetHandleVerifier [0x00B9A813+48355]&#10;	(No symbol) [0x00B2C4B1]&#10;	(No symbol) [0x00A35358]&#10;	(No symbol) [0x00A561AC]&#10;	(No symbol) [0x00A51EF3]&#10;	(No symbol) [0x00A50579]&#10;	(No symbol) [0x00A80C55]&#10;	(No symbol) [0x00A8093C]&#10;	(No symbol) [0x00A7A536]&#10;	(No symbol) [0x00A582DC]&#10;	(No symbol) [0x00A593DD]&#10;	GetHandleVerifier [0x00DFAABD+2539405]&#10;	GetHandleVerifier [0x00E3A78F+2800735]&#10;	GetHandleVerifier [0x00E3456C+2775612]&#10;	GetHandleVerifier [0x00C251E0+616112]&#10;	(No symbol) [0x00B35F8C]&#10;	(No symbol) [0x00B32328]&#10;	(No symbol) [0x00B3240B]&#10;	(No symbol) [0x00B24FF7]&#10;	BaseThreadInitThunk [0x75FF5D49+25]&#10;	RtlInitializeExceptionChain [0x7780CDEB+107]&#10;	RtlGetAppContainerNamedObjectPath [0x7780CD71+561]&#10;"/>
  </testcase>
  <testcase name="toolsMenu" classname="com.example.demo1.MainPageTest" time="0">
    <skipped message="session not created: This version of ChromeDriver only supports Chrome version 114&#10;Current browser version is 133.0.6943.60 with binary path C:\Program Files\Google\Chrome\Application\chrome.exe&#10;Build info: version: &apos;3.141.59&apos;, revision: &apos;e82be7d358&apos;, time: &apos;2018-11-14T08:17:03&apos;&#10;System info: host: &apos;DESKTOP-LJON59K&apos;, ip: &apos;192.168.0.151&apos;, os.name: &apos;Windows 11&apos;, os.arch: &apos;amd64&apos;, os.version: &apos;10.0&apos;, java.version: &apos;23.0.2&apos;&#10;Driver info: driver.version: ChromeDriver&#10;remote stacktrace: Backtrace:&#10;	GetHandleVerifier [0x00B9A813+48355]&#10;	(No symbol) [0x00B2C4B1]&#10;	(No symbol) [0x00A35358]&#10;	(No symbol) [0x00A561AC]&#10;	(No symbol) [0x00A51EF3]&#10;	(No symbol) [0x00A50579]&#10;	(No symbol) [0x00A80C55]&#10;	(No symbol) [0x00A8093C]&#10;	(No symbol) [0x00A7A536]&#10;	(No symbol) [0x00A582DC]&#10;	(No symbol) [0x00A593DD]&#10;	GetHandleVerifier [0x00DFAABD+2539405]&#10;	GetHandleVerifier [0x00E3A78F+2800735]&#10;	GetHandleVerifier [0x00E3456C+2775612]&#10;	GetHandleVerifier [0x00C251E0+616112]&#10;	(No symbol) [0x00B35F8C]&#10;	(No symbol) [0x00B32328]&#10;	(No symbol) [0x00B3240B]&#10;	(No symbol) [0x00B24FF7]&#10;	BaseThreadInitThunk [0x75FF5D49+25]&#10;	RtlInitializeExceptionChain [0x7780CDEB+107]&#10;	RtlGetAppContainerNamedObjectPath [0x7780CD71+561]&#10;"/>
  </testcase>
</testsuite>